<?xml version="1.0" encoding="UTF-8"?>
<!-- Generated by org.testng.reporters.JUnitReportReporter -->
<testsuite hostname="Siddharam" failures="0" tests="4" name="tests.LoginTest" time="11.340" errors="0" timestamp="2025-09-04T01:40:28 IST" skipped="0">
  <testcase classname="tests.LoginTest" name="invalidLogin" time="5.830"/>
  <testcase classname="tests.LoginTest" name="emptyCredentialLogin" time="0.237"/>
  <testcase classname="tests.LoginTest" name="validLogin" time="1.381"/>
  <testcase classname="tests.LoginTest" name="logout" time="3.892"/>
</testsuite> <!-- tests.LoginTest -->
