<?xml version="1.0" encoding="UTF-8"?>
<!-- Generated by org.testng.reporters.JUnitReportReporter -->
<testsuite hostname="Siddharam" failures="0" tests="1" name="tests.LoginTest" time="2.409" errors="0" timestamp="2025-09-03T19:01:59 IST" skipped="0">
  <testcase classname="tests.LoginTest" name="validLogin" time="2.409"/>
</testsuite> <!-- tests.LoginTest -->
